Arguments: 
  /opt/local/bin/node /opt/local/libexec/yarn/bin/yarn.js run watch-ts

PATH: 
  /usr/local/lib/node_modules/npm/node_modules/npm-lifecycle/node-gyp-bin:/Users/julianlozano/Desktop/node/express-api/node_modules/.bin:/opt/local/bin:/opt/local/sbin:/usr/local/bin:/usr/bin:/bin:/usr/sbin:/sbin

Yarn version: 
  1.17.3

Node version: 
  10.16.3

Platform: 
  darwin x64

Trace: 
  Error: EACCES: permission denied, scandir '/Users/julianlozano/.config/yarn/link'

npm manifest: 
  {
      "name": "express-api",
      "version": "1.0.0",
      "description": "API REST para aplicar a prueba como desarrollador Full Stack",
      "main": "index.js",
      "scripts": {
          "test": "echo \"Error: no test specified\" && exit 1",
          "watch-ts": "tsc -w",
          "watch-node": "nodemon dist/server.js",
          "watch": "concurrently -k -p \"[{name}]\" -n \"TypeScript, Node\" -c \"yello.bold, cyan.bold\" \"yarn run watch-ts\" \"yarn run watch-node\""
      },
      "author": "Julian Lozano",
      "license": "ISC",
      "dependencies": {
          "@types/express": "^4.17.1",
          "concurrently": "^4.1.2"
      }
  }

yarn manifest: 
  No manifest

Lockfile: 
  No lockfile
